#
# A fatal error has been detected by the Java Runtime Environment:
#
#  SIGSEGV (0xb) at pc=0x00000001094218a3, pid=18299, tid=22787
#
# JRE version: Java(TM) SE Runtime Environment (11.0+28) (build 11+28)
# Java VM: Java HotSpot(TM) 64-Bit Server VM (11+28, mixed mode, tiered, compressed oops, g1 gc, bsd-amd64)
# Problematic frame:
# C  [libjimage.dylib+0x18a3]  ImageLocation::set_data(unsigned char*)+0x4b
#
# No core dump will be written. Core dumps have been disabled. To enable core dumping, try "ulimit -c unlimited" before starting Java again
#
# If you would like to submit a bug report, please visit:
#   http://bugreport.java.com/bugreport/crash.jsp
#

---------------  S U M M A R Y ------------

Command Line: -agentlib:jdwp=transport=dt_socket,suspend=y,address=localhost:60181 -javaagent:/Users/aylaurquizo/Desktop/Eclipse.app/Contents/Eclipse/configuration/org.eclipse.osgi/751/0/.cp/lib/javaagent-shaded.jar -Dfile.encoding=UTF-8 -Dstdout.encoding=UTF-8 -Dstderr.encoding=UTF-8 tester.Main ExamplesMinesweeper

Host: Mac14,9 x86_64 2400 MHz, 10 cores, 16G, Darwin 23.4.0
Time: Sat Apr  6 16:59:03 2024 EDT elapsed time: 17612 seconds (0d 4h 53m 32s)

---------------  T H R E A D  ---------------

Current thread (0x00007f95ec01b000):  JavaThread "Signal Dispatcher" daemon [_thread_in_vm, id=22787, stack(0x00000003068bf000,0x00000003069bf000)]

Stack: [0x00000003068bf000,0x00000003069bf000],  sp=0x00000003069bd360,  free space=1016k
Native frames: (J=compiled Java code, A=aot compiled Java code, j=interpreted, Vv=VM code, C=native code)
C  [libjimage.dylib+0x18a3]  ImageLocation::set_data(unsigned char*)+0x4b
C  [libjimage.dylib+0x248c]  ImageFileReader::find_location_index(char const*, unsigned long long*) const+0x88
C  [libjimage.dylib+0x2784]  JIMAGE_FindResource+0xcf
V  [libjvm.dylib+0x1f9a3b]  ClassPathImageEntry::open_stream(char const*, Thread*)+0x45
V  [libjvm.dylib+0x1fbfc5]  ClassLoader::load_class(Symbol*, bool, Thread*)+0x145
V  [libjvm.dylib+0x6d9263]  SystemDictionary::load_instance_class(Symbol*, Handle, Thread*)+0x2f7
V  [libjvm.dylib+0x6d832d]  SystemDictionary::resolve_instance_class_or_null(Symbol*, Handle, Handle, Thread*)+0x451
V  [libjvm.dylib+0x6d7b41]  SystemDictionary::resolve_or_fail(Symbol*, Handle, Handle, bool, Thread*)+0x1b
V  [libjvm.dylib+0x26b1af]